The target system is: QNX -  - aarch64le
The host system is: Linux - 6.8.0-57-generic - x86_64
Compiling the C compiler identification source file "CMakeCCompilerId.c" succeeded.
Compiler: /home/dve/work/code/360/qnx-sdk_local8155/qnx/qnx-sdp/host/linux/x86_64/usr/bin/qcc 
Build flags: 
Id flags:  

The output was:
0


Compilation of the C compiler identification source "CMakeCCompilerId.c" produced "a.out"

The C compiler identification is GNU, found in "/home/dve/work/code/pc/qnx/build/CMakeFiles/3.22.1/CompilerIdC/a.out"

Compiling the CXX compiler identification source file "CMakeCXXCompilerId.cpp" succeeded.
Compiler: /home/dve/work/code/360/qnx-sdk_local8155/qnx/qnx-sdp/host/linux/x86_64/usr/bin/q++ 
Build flags: 
Id flags:  

The output was:
0


Compilation of the CXX compiler identification source "CMakeCXXCompilerId.cpp" produced "a.out"

The CXX compiler identification is GNU, found in "/home/dve/work/code/pc/qnx/build/CMakeFiles/3.22.1/CompilerIdCXX/a.out"

Detecting C compiler ABI info compiled with the following output:
Change Dir: /home/dve/work/code/pc/qnx/build/CMakeFiles/CMakeTmp

Run Build Command(s):/usr/bin/gmake -f Makefile cmTC_9cc1d/fast && /usr/bin/gmake  -f CMakeFiles/cmTC_9cc1d.dir/build.make CMakeFiles/cmTC_9cc1d.dir/build
gmake[1]: Entering directory '/home/dve/work/code/pc/qnx/build/CMakeFiles/CMakeTmp'
Building C object CMakeFiles/cmTC_9cc1d.dir/CMakeCCompilerABI.c.o
/home/dve/work/code/360/qnx-sdk_local8155/qnx/qnx-sdp/host/linux/x86_64/usr/bin/qcc -Vgcc_ntoaarch64le -Wc,-isysroot,/home/dve/work/code/360/qnx-sdk_local8155/qnx/qnx-sdp/target/qnx7   -v -Wp,-MD,CMakeFiles/cmTC_9cc1d.dir/CMakeCCompilerABI.c.o.d -Wp,-MT,CMakeFiles/cmTC_9cc1d.dir/CMakeCCompilerABI.c.o -Wp,-MF,CMakeFiles/cmTC_9cc1d.dir/CMakeCCompilerABI.c.o.d -o CMakeFiles/cmTC_9cc1d.dir/CMakeCCompilerABI.c.o -c /usr/share/cmake-3.22/Modules/CMakeCCompilerABI.c
cc: looking for gcc_ntoaarch64le in /home/dve/work/code/360/qnx-sdk_local8155/qnx/qnx-sdp/host/linux/x86_64/etc/qcc/gcc/8.3.0/gcc_ntoaarch64le++.conf
cc: looking for gcc_ntoaarch64le in /home/dve/work/code/360/qnx-sdk_local8155/qnx/qnx-sdp/host/linux/x86_64/etc/qcc/gcc/8.3.0/gcc_ntoaarch64le.conf
/home/dve/work/code/360/qnx-sdk_local8155/qnx/qnx-sdp/host/linux/x86_64/usr/lib/gcc/aarch64-unknown-nto-qnx7.1.0/8.3.0/cc1 -quiet -fstack-protector-strong -march=armv8-a -nostdinc -D__LANGUAGE_C -D_LANGUAGE_C -D__QNX__ -D__QNXNTO__ -D__GNUC__=8 -D__GNUC_MINOR__=3 -D__GNUC_PATCHLEVEL__=0 -D__unix__ -D__unix -D__ELF__ -fPIE -D__LITTLEENDIAN__ -Asystem(unix) -isysroot /home/dve/work/code/360/qnx-sdk_local8155/qnx/qnx-sdp/target/qnx7 -MD CMakeFiles/cmTC_9cc1d.dir/CMakeCCompilerABI.c.o.d -MT CMakeFiles/cmTC_9cc1d.dir/CMakeCCompilerABI.c.o -MF CMakeFiles/cmTC_9cc1d.dir/CMakeCCompilerABI.c.o.d -isystem /home/dve/work/code/360/qnx-sdk_local8155/qnx/qnx-sdp/target/qnx7/usr/include -isystem /home/dve/work/code/360/qnx-sdk_local8155/qnx/qnx-sdp/host/linux/x86_64/usr/lib/gcc/aarch64-unknown-nto-qnx7.1.0/8.3.0/include /usr/share/cmake-3.22/Modules/CMakeCCompilerABI.c -dumpbase /usr/share/cmake-3.22/Modules/CMakeCCompilerABI.c -o - | \
 /home/dve/work/code/360/qnx-sdk_local8155/qnx/qnx-sdp/host/linux/x86_64/usr/bin/aarch64-unknown-nto-qnx7.1.0-as -EL -o CMakeFiles/cmTC_9cc1d.dir/CMakeCCompilerABI.c.o
Linking C executable cmTC_9cc1d
/usr/bin/cmake -E cmake_link_script CMakeFiles/cmTC_9cc1d.dir/link.txt --verbose=1
/home/dve/work/code/360/qnx-sdk_local8155/qnx/qnx-sdp/host/linux/x86_64/usr/bin/qcc -Vgcc_ntoaarch64le -Wc,-isysroot,/home/dve/work/code/360/qnx-sdk_local8155/qnx/qnx-sdp/target/qnx7  -v CMakeFiles/cmTC_9cc1d.dir/CMakeCCompilerABI.c.o -o cmTC_9cc1d 
cc: looking for gcc_ntoaarch64le in /home/dve/work/code/360/qnx-sdk_local8155/qnx/qnx-sdp/host/linux/x86_64/etc/qcc/gcc/8.3.0/gcc_ntoaarch64le++.conf
cc: looking for gcc_ntoaarch64le in /home/dve/work/code/360/qnx-sdk_local8155/qnx/qnx-sdp/host/linux/x86_64/etc/qcc/gcc/8.3.0/gcc_ntoaarch64le.conf
/home/dve/work/code/360/qnx-sdk_local8155/qnx/qnx-sdp/host/linux/x86_64/usr/bin/aarch64-unknown-nto-qnx7.1.0-ld -plugin=/home/dve/work/code/360/qnx-sdk_local8155/qnx/qnx-sdp/host/linux/x86_64/usr/lib/gcc/aarch64-unknown-nto-qnx7.1.0/8.3.0/liblto_plugin.so -plugin-opt=/home/dve/work/code/360/qnx-sdk_local8155/qnx/qnx-sdp/host/linux/x86_64/usr/lib/gcc/aarch64-unknown-nto-qnx7.1.0/8.3.0/lto-wrapper -plugin-opt=-fresolution=/tmp/fileohZRpm_qcc_207411/tmp_qcc_207411.res --dynamic-linker /usr/lib/ldqnx-64.so.2 --sysroot=/home/dve/work/code/360/qnx-sdk_local8155/qnx/qnx-sdp/target/qnx7/aarch64le/ --hash-style=gnu --build-id=md5 --warn-shared-textrel -zrelro -znow -pie --eh-frame-hdr /home/dve/work/code/360/qnx-sdk_local8155/qnx/qnx-sdp/target/qnx7/aarch64le/lib/crt1.o /home/dve/work/code/360/qnx-sdk_local8155/qnx/qnx-sdp/target/qnx7/aarch64le/lib/crti.o /home/dve/work/code/360/qnx-sdk_local8155/qnx/qnx-sdp/host/linux/x86_64/usr/lib/gcc/aarch64-unknown-nto-qnx7.1.0/8.3.0//crtbegin.o CMakeFiles/cmTC_9cc1d.dir/CMakeCCompilerABI.c.o -o cmTC_9cc1d -rpath-link /home/dve/work/code/360/qnx-sdk_local8155/qnx/qnx-sdp/target/qnx7/aarch64le/lib:/home/dve/work/code/360/qnx-sdk_local8155/qnx/qnx-sdp/target/qnx7/aarch64le/usr/lib:/home/dve/work/code/360/qnx-sdk_local8155/qnx/qnx-sdp/target/qnx7/aarch64le/lib/gcc/8.3.0:/home/dve/work/code/360/qnx-sdk_local8155/qnx/qnx-sdp/target/qnx7/aarch64le/opt/lib -Y/home/dve/work/code/360/qnx-sdk_local8155/qnx/qnx-sdp/target/qnx7/aarch64le/lib:/home/dve/work/code/360/qnx-sdk_local8155/qnx/qnx-sdp/target/qnx7/aarch64le/usr/lib:/home/dve/work/code/360/qnx-sdk_local8155/qnx/qnx-sdp/target/qnx7/aarch64le/opt/lib -L/home/dve/work/code/360/qnx-sdk_local8155/qnx/qnx-sdp/host/linux/x86_64/usr/lib/gcc/aarch64-unknown-nto-qnx7.1.0/8.3.0 -L/home/dve/work/code/360/qnx-sdk_local8155/qnx/qnx-sdp/target/qnx7/aarch64le/lib/gcc/8.3.0 -L/home/dve/work/code/360/qnx-sdk_local8155/qnx/qnx-sdp/target/qnx7/usr/aarch64-unknown-nto-qnx7.1.0/lib -L/home/dve/work/code/360/qnx-sdk_local8155/qnx/qnx-sdp/target/qnx7/aarch64le/lib -L/home/dve/work/code/360/qnx-sdk_local8155/qnx/qnx-sdp/target/qnx7/aarch64le/usr/lib -L/home/dve/work/code/360/qnx-sdk_local8155/qnx/qnx-sdp/target/qnx7/aarch64le/opt/lib -lc -lcS -lgcc_s -lgcc_eh /home/dve/work/code/360/qnx-sdk_local8155/qnx/qnx-sdp/host/linux/x86_64/usr/lib/gcc/aarch64-unknown-nto-qnx7.1.0/8.3.0//crtend.o /home/dve/work/code/360/qnx-sdk_local8155/qnx/qnx-sdp/target/qnx7/aarch64le/lib/crtn.o
cc: unlinking /tmp/fileohZRpm_qcc_207411/tmp_qcc_207411.res
cc: removing  /tmp/fileohZRpm_qcc_207411
gmake[1]: Leaving directory '/home/dve/work/code/pc/qnx/build/CMakeFiles/CMakeTmp'



Parsed C implicit include dir info from above output: rv=start
  warn: unable to parse implicit include dirs!


Parsed C implicit link information from above output:
  link line regex: [^( *|.*[/\])(ntoaarch64-ld|CMAKE_LINK_STARTFILE-NOTFOUND|([^/\]+-)?ld|collect2)[^/\]*( |$)]
  ignore line: [Change Dir: /home/dve/work/code/pc/qnx/build/CMakeFiles/CMakeTmp]
  ignore line: []
  ignore line: [Run Build Command(s):/usr/bin/gmake -f Makefile cmTC_9cc1d/fast && /usr/bin/gmake  -f CMakeFiles/cmTC_9cc1d.dir/build.make CMakeFiles/cmTC_9cc1d.dir/build]
  ignore line: [gmake[1]: Entering directory '/home/dve/work/code/pc/qnx/build/CMakeFiles/CMakeTmp']
  ignore line: [Building C object CMakeFiles/cmTC_9cc1d.dir/CMakeCCompilerABI.c.o]
  ignore line: [/home/dve/work/code/360/qnx-sdk_local8155/qnx/qnx-sdp/host/linux/x86_64/usr/bin/qcc -Vgcc_ntoaarch64le -Wc -isysroot /home/dve/work/code/360/qnx-sdk_local8155/qnx/qnx-sdp/target/qnx7   -v -Wp -MD CMakeFiles/cmTC_9cc1d.dir/CMakeCCompilerABI.c.o.d -Wp -MT CMakeFiles/cmTC_9cc1d.dir/CMakeCCompilerABI.c.o -Wp -MF CMakeFiles/cmTC_9cc1d.dir/CMakeCCompilerABI.c.o.d -o CMakeFiles/cmTC_9cc1d.dir/CMakeCCompilerABI.c.o -c /usr/share/cmake-3.22/Modules/CMakeCCompilerABI.c]
  ignore line: [cc: looking for gcc_ntoaarch64le in /home/dve/work/code/360/qnx-sdk_local8155/qnx/qnx-sdp/host/linux/x86_64/etc/qcc/gcc/8.3.0/gcc_ntoaarch64le++.conf]
  ignore line: [cc: looking for gcc_ntoaarch64le in /home/dve/work/code/360/qnx-sdk_local8155/qnx/qnx-sdp/host/linux/x86_64/etc/qcc/gcc/8.3.0/gcc_ntoaarch64le.conf]
  ignore line: [/home/dve/work/code/360/qnx-sdk_local8155/qnx/qnx-sdp/host/linux/x86_64/usr/lib/gcc/aarch64-unknown-nto-qnx7.1.0/8.3.0/cc1 -quiet -fstack-protector-strong -march=armv8-a -nostdinc -D__LANGUAGE_C -D_LANGUAGE_C -D__QNX__ -D__QNXNTO__ -D__GNUC__=8 -D__GNUC_MINOR__=3 -D__GNUC_PATCHLEVEL__=0 -D__unix__ -D__unix -D__ELF__ -fPIE -D__LITTLEENDIAN__ -Asystem(unix) -isysroot /home/dve/work/code/360/qnx-sdk_local8155/qnx/qnx-sdp/target/qnx7 -MD CMakeFiles/cmTC_9cc1d.dir/CMakeCCompilerABI.c.o.d -MT CMakeFiles/cmTC_9cc1d.dir/CMakeCCompilerABI.c.o -MF CMakeFiles/cmTC_9cc1d.dir/CMakeCCompilerABI.c.o.d -isystem /home/dve/work/code/360/qnx-sdk_local8155/qnx/qnx-sdp/target/qnx7/usr/include -isystem /home/dve/work/code/360/qnx-sdk_local8155/qnx/qnx-sdp/host/linux/x86_64/usr/lib/gcc/aarch64-unknown-nto-qnx7.1.0/8.3.0/include /usr/share/cmake-3.22/Modules/CMakeCCompilerABI.c -dumpbase /usr/share/cmake-3.22/Modules/CMakeCCompilerABI.c -o - | ; /home/dve/work/code/360/qnx-sdk_local8155/qnx/qnx-sdp/host/linux/x86_64/usr/bin/aarch64-unknown-nto-qnx7.1.0-as -EL -o CMakeFiles/cmTC_9cc1d.dir/CMakeCCompilerABI.c.o]
  ignore line: [Linking C executable cmTC_9cc1d]
  ignore line: [/usr/bin/cmake -E cmake_link_script CMakeFiles/cmTC_9cc1d.dir/link.txt --verbose=1]
  ignore line: [/home/dve/work/code/360/qnx-sdk_local8155/qnx/qnx-sdp/host/linux/x86_64/usr/bin/qcc -Vgcc_ntoaarch64le -Wc -isysroot /home/dve/work/code/360/qnx-sdk_local8155/qnx/qnx-sdp/target/qnx7  -v CMakeFiles/cmTC_9cc1d.dir/CMakeCCompilerABI.c.o -o cmTC_9cc1d ]
  ignore line: [cc: looking for gcc_ntoaarch64le in /home/dve/work/code/360/qnx-sdk_local8155/qnx/qnx-sdp/host/linux/x86_64/etc/qcc/gcc/8.3.0/gcc_ntoaarch64le++.conf]
  ignore line: [cc: looking for gcc_ntoaarch64le in /home/dve/work/code/360/qnx-sdk_local8155/qnx/qnx-sdp/host/linux/x86_64/etc/qcc/gcc/8.3.0/gcc_ntoaarch64le.conf]
  link line: [/home/dve/work/code/360/qnx-sdk_local8155/qnx/qnx-sdp/host/linux/x86_64/usr/bin/aarch64-unknown-nto-qnx7.1.0-ld -plugin=/home/dve/work/code/360/qnx-sdk_local8155/qnx/qnx-sdp/host/linux/x86_64/usr/lib/gcc/aarch64-unknown-nto-qnx7.1.0/8.3.0/liblto_plugin.so -plugin-opt=/home/dve/work/code/360/qnx-sdk_local8155/qnx/qnx-sdp/host/linux/x86_64/usr/lib/gcc/aarch64-unknown-nto-qnx7.1.0/8.3.0/lto-wrapper -plugin-opt=-fresolution=/tmp/fileohZRpm_qcc_207411/tmp_qcc_207411.res --dynamic-linker /usr/lib/ldqnx-64.so.2 --sysroot=/home/dve/work/code/360/qnx-sdk_local8155/qnx/qnx-sdp/target/qnx7/aarch64le/ --hash-style=gnu --build-id=md5 --warn-shared-textrel -zrelro -znow -pie --eh-frame-hdr /home/dve/work/code/360/qnx-sdk_local8155/qnx/qnx-sdp/target/qnx7/aarch64le/lib/crt1.o /home/dve/work/code/360/qnx-sdk_local8155/qnx/qnx-sdp/target/qnx7/aarch64le/lib/crti.o /home/dve/work/code/360/qnx-sdk_local8155/qnx/qnx-sdp/host/linux/x86_64/usr/lib/gcc/aarch64-unknown-nto-qnx7.1.0/8.3.0//crtbegin.o CMakeFiles/cmTC_9cc1d.dir/CMakeCCompilerABI.c.o -o cmTC_9cc1d -rpath-link /home/dve/work/code/360/qnx-sdk_local8155/qnx/qnx-sdp/target/qnx7/aarch64le/lib:/home/dve/work/code/360/qnx-sdk_local8155/qnx/qnx-sdp/target/qnx7/aarch64le/usr/lib:/home/dve/work/code/360/qnx-sdk_local8155/qnx/qnx-sdp/target/qnx7/aarch64le/lib/gcc/8.3.0:/home/dve/work/code/360/qnx-sdk_local8155/qnx/qnx-sdp/target/qnx7/aarch64le/opt/lib -Y/home/dve/work/code/360/qnx-sdk_local8155/qnx/qnx-sdp/target/qnx7/aarch64le/lib:/home/dve/work/code/360/qnx-sdk_local8155/qnx/qnx-sdp/target/qnx7/aarch64le/usr/lib:/home/dve/work/code/360/qnx-sdk_local8155/qnx/qnx-sdp/target/qnx7/aarch64le/opt/lib -L/home/dve/work/code/360/qnx-sdk_local8155/qnx/qnx-sdp/host/linux/x86_64/usr/lib/gcc/aarch64-unknown-nto-qnx7.1.0/8.3.0 -L/home/dve/work/code/360/qnx-sdk_local8155/qnx/qnx-sdp/target/qnx7/aarch64le/lib/gcc/8.3.0 -L/home/dve/work/code/360/qnx-sdk_local8155/qnx/qnx-sdp/target/qnx7/usr/aarch64-unknown-nto-qnx7.1.0/lib -L/home/dve/work/code/360/qnx-sdk_local8155/qnx/qnx-sdp/target/qnx7/aarch64le/lib -L/home/dve/work/code/360/qnx-sdk_local8155/qnx/qnx-sdp/target/qnx7/aarch64le/usr/lib -L/home/dve/work/code/360/qnx-sdk_local8155/qnx/qnx-sdp/target/qnx7/aarch64le/opt/lib -lc -lcS -lgcc_s -lgcc_eh /home/dve/work/code/360/qnx-sdk_local8155/qnx/qnx-sdp/host/linux/x86_64/usr/lib/gcc/aarch64-unknown-nto-qnx7.1.0/8.3.0//crtend.o /home/dve/work/code/360/qnx-sdk_local8155/qnx/qnx-sdp/target/qnx7/aarch64le/lib/crtn.o]
    arg [/home/dve/work/code/360/qnx-sdk_local8155/qnx/qnx-sdp/host/linux/x86_64/usr/bin/aarch64-unknown-nto-qnx7.1.0-ld] ==> ignore
    arg [-plugin=/home/dve/work/code/360/qnx-sdk_local8155/qnx/qnx-sdp/host/linux/x86_64/usr/lib/gcc/aarch64-unknown-nto-qnx7.1.0/8.3.0/liblto_plugin.so] ==> ignore
    arg [-plugin-opt=/home/dve/work/code/360/qnx-sdk_local8155/qnx/qnx-sdp/host/linux/x86_64/usr/lib/gcc/aarch64-unknown-nto-qnx7.1.0/8.3.0/lto-wrapper] ==> ignore
    arg [-plugin-opt=-fresolution=/tmp/fileohZRpm_qcc_207411/tmp_qcc_207411.res] ==> ignore
    arg [--dynamic-linker] ==> ignore
    arg [/usr/lib/ldqnx-64.so.2] ==> ignore
    arg [--sysroot=/home/dve/work/code/360/qnx-sdk_local8155/qnx/qnx-sdp/target/qnx7/aarch64le/] ==> ignore
    arg [--hash-style=gnu] ==> ignore
    arg [--build-id=md5] ==> ignore
    arg [--warn-shared-textrel] ==> ignore
    arg [-zrelro] ==> ignore
    arg [-znow] ==> ignore
    arg [-pie] ==> ignore
    arg [--eh-frame-hdr] ==> ignore
    arg [/home/dve/work/code/360/qnx-sdk_local8155/qnx/qnx-sdp/target/qnx7/aarch64le/lib/crt1.o] ==> obj [/home/dve/work/code/360/qnx-sdk_local8155/qnx/qnx-sdp/target/qnx7/aarch64le/lib/crt1.o]
    arg [/home/dve/work/code/360/qnx-sdk_local8155/qnx/qnx-sdp/target/qnx7/aarch64le/lib/crti.o] ==> obj [/home/dve/work/code/360/qnx-sdk_local8155/qnx/qnx-sdp/target/qnx7/aarch64le/lib/crti.o]
    arg [/home/dve/work/code/360/qnx-sdk_local8155/qnx/qnx-sdp/host/linux/x86_64/usr/lib/gcc/aarch64-unknown-nto-qnx7.1.0/8.3.0//crtbegin.o] ==> obj [/home/dve/work/code/360/qnx-sdk_local8155/qnx/qnx-sdp/host/linux/x86_64/usr/lib/gcc/aarch64-unknown-nto-qnx7.1.0/8.3.0//crtbegin.o]
    arg [CMakeFiles/cmTC_9cc1d.dir/CMakeCCompilerABI.c.o] ==> ignore
    arg [-o] ==> ignore
    arg [cmTC_9cc1d] ==> ignore
    arg [-rpath-link] ==> ignore
    arg [/home/dve/work/code/360/qnx-sdk_local8155/qnx/qnx-sdp/target/qnx7/aarch64le/lib:/home/dve/work/code/360/qnx-sdk_local8155/qnx/qnx-sdp/target/qnx7/aarch64le/usr/lib:/home/dve/work/code/360/qnx-sdk_local8155/qnx/qnx-sdp/target/qnx7/aarch64le/lib/gcc/8.3.0:/home/dve/work/code/360/qnx-sdk_local8155/qnx/qnx-sdp/target/qnx7/aarch64le/opt/lib] ==> ignore
    arg [-Y/home/dve/work/code/360/qnx-sdk_local8155/qnx/qnx-sdp/target/qnx7/aarch64le/lib:/home/dve/work/code/360/qnx-sdk_local8155/qnx/qnx-sdp/target/qnx7/aarch64le/usr/lib:/home/dve/work/code/360/qnx-sdk_local8155/qnx/qnx-sdp/target/qnx7/aarch64le/opt/lib] ==> dirs [/home/dve/work/code/360/qnx-sdk_local8155/qnx/qnx-sdp/target/qnx7/aarch64le/lib;/home/dve/work/code/360/qnx-sdk_local8155/qnx/qnx-sdp/target/qnx7/aarch64le/usr/lib;/home/dve/work/code/360/qnx-sdk_local8155/qnx/qnx-sdp/target/qnx7/aarch64le/opt/lib]
    arg [-L/home/dve/work/code/360/qnx-sdk_local8155/qnx/qnx-sdp/host/linux/x86_64/usr/lib/gcc/aarch64-unknown-nto-qnx7.1.0/8.3.0] ==> dir [/home/dve/work/code/360/qnx-sdk_local8155/qnx/qnx-sdp/host/linux/x86_64/usr/lib/gcc/aarch64-unknown-nto-qnx7.1.0/8.3.0]
    arg [-L/home/dve/work/code/360/qnx-sdk_local8155/qnx/qnx-sdp/target/qnx7/aarch64le/lib/gcc/8.3.0] ==> dir [/home/dve/work/code/360/qnx-sdk_local8155/qnx/qnx-sdp/target/qnx7/aarch64le/lib/gcc/8.3.0]
    arg [-L/home/dve/work/code/360/qnx-sdk_local8155/qnx/qnx-sdp/target/qnx7/usr/aarch64-unknown-nto-qnx7.1.0/lib] ==> dir [/home/dve/work/code/360/qnx-sdk_local8155/qnx/qnx-sdp/target/qnx7/usr/aarch64-unknown-nto-qnx7.1.0/lib]
    arg [-L/home/dve/work/code/360/qnx-sdk_local8155/qnx/qnx-sdp/target/qnx7/aarch64le/lib] ==> dir [/home/dve/work/code/360/qnx-sdk_local8155/qnx/qnx-sdp/target/qnx7/aarch64le/lib]
    arg [-L/home/dve/work/code/360/qnx-sdk_local8155/qnx/qnx-sdp/target/qnx7/aarch64le/usr/lib] ==> dir [/home/dve/work/code/360/qnx-sdk_local8155/qnx/qnx-sdp/target/qnx7/aarch64le/usr/lib]
    arg [-L/home/dve/work/code/360/qnx-sdk_local8155/qnx/qnx-sdp/target/qnx7/aarch64le/opt/lib] ==> dir [/home/dve/work/code/360/qnx-sdk_local8155/qnx/qnx-sdp/target/qnx7/aarch64le/opt/lib]
    arg [-lc] ==> lib [c]
    arg [-lcS] ==> lib [cS]
    arg [-lgcc_s] ==> lib [gcc_s]
    arg [-lgcc_eh] ==> lib [gcc_eh]
    arg [/home/dve/work/code/360/qnx-sdk_local8155/qnx/qnx-sdp/host/linux/x86_64/usr/lib/gcc/aarch64-unknown-nto-qnx7.1.0/8.3.0//crtend.o] ==> obj [/home/dve/work/code/360/qnx-sdk_local8155/qnx/qnx-sdp/host/linux/x86_64/usr/lib/gcc/aarch64-unknown-nto-qnx7.1.0/8.3.0//crtend.o]
    arg [/home/dve/work/code/360/qnx-sdk_local8155/qnx/qnx-sdp/target/qnx7/aarch64le/lib/crtn.o] ==> obj [/home/dve/work/code/360/qnx-sdk_local8155/qnx/qnx-sdp/target/qnx7/aarch64le/lib/crtn.o]
  remove lib [gcc_eh]
  collapse obj [/home/dve/work/code/360/qnx-sdk_local8155/qnx/qnx-sdp/host/linux/x86_64/usr/lib/gcc/aarch64-unknown-nto-qnx7.1.0/8.3.0//crtbegin.o] ==> [/home/dve/work/code/360/qnx-sdk_local8155/qnx/qnx-sdp/host/linux/x86_64/usr/lib/gcc/aarch64-unknown-nto-qnx7.1.0/8.3.0/crtbegin.o]
  collapse obj [/home/dve/work/code/360/qnx-sdk_local8155/qnx/qnx-sdp/host/linux/x86_64/usr/lib/gcc/aarch64-unknown-nto-qnx7.1.0/8.3.0//crtend.o] ==> [/home/dve/work/code/360/qnx-sdk_local8155/qnx/qnx-sdp/host/linux/x86_64/usr/lib/gcc/aarch64-unknown-nto-qnx7.1.0/8.3.0/crtend.o]
  collapse library dir [/home/dve/work/code/360/qnx-sdk_local8155/qnx/qnx-sdp/target/qnx7/aarch64le/lib] ==> [/home/dve/work/code/360/qnx-sdk_local8155/qnx/qnx-sdp/target/qnx7/aarch64le/lib]
  collapse library dir [/home/dve/work/code/360/qnx-sdk_local8155/qnx/qnx-sdp/target/qnx7/aarch64le/usr/lib] ==> [/home/dve/work/code/360/qnx-sdk_local8155/qnx/qnx-sdp/target/qnx7/aarch64le/usr/lib]
  collapse library dir [/home/dve/work/code/360/qnx-sdk_local8155/qnx/qnx-sdp/target/qnx7/aarch64le/opt/lib] ==> [/home/dve/work/code/360/qnx-sdk_local8155/qnx/qnx-sdp/target/qnx7/aarch64le/opt/lib]
  collapse library dir [/home/dve/work/code/360/qnx-sdk_local8155/qnx/qnx-sdp/host/linux/x86_64/usr/lib/gcc/aarch64-unknown-nto-qnx7.1.0/8.3.0] ==> [/home/dve/work/code/360/qnx-sdk_local8155/qnx/qnx-sdp/host/linux/x86_64/usr/lib/gcc/aarch64-unknown-nto-qnx7.1.0/8.3.0]
  collapse library dir [/home/dve/work/code/360/qnx-sdk_local8155/qnx/qnx-sdp/target/qnx7/aarch64le/lib/gcc/8.3.0] ==> [/home/dve/work/code/360/qnx-sdk_local8155/qnx/qnx-sdp/target/qnx7/aarch64le/lib/gcc/8.3.0]
  collapse library dir [/home/dve/work/code/360/qnx-sdk_local8155/qnx/qnx-sdp/target/qnx7/usr/aarch64-unknown-nto-qnx7.1.0/lib] ==> [/home/dve/work/code/360/qnx-sdk_local8155/qnx/qnx-sdp/target/qnx7/usr/aarch64-unknown-nto-qnx7.1.0/lib]
  collapse library dir [/home/dve/work/code/360/qnx-sdk_local8155/qnx/qnx-sdp/target/qnx7/aarch64le/lib] ==> [/home/dve/work/code/360/qnx-sdk_local8155/qnx/qnx-sdp/target/qnx7/aarch64le/lib]
  collapse library dir [/home/dve/work/code/360/qnx-sdk_local8155/qnx/qnx-sdp/target/qnx7/aarch64le/usr/lib] ==> [/home/dve/work/code/360/qnx-sdk_local8155/qnx/qnx-sdp/target/qnx7/aarch64le/usr/lib]
  collapse library dir [/home/dve/work/code/360/qnx-sdk_local8155/qnx/qnx-sdp/target/qnx7/aarch64le/opt/lib] ==> [/home/dve/work/code/360/qnx-sdk_local8155/qnx/qnx-sdp/target/qnx7/aarch64le/opt/lib]
  implicit libs: [c;cS;gcc_s]
  implicit objs: [/home/dve/work/code/360/qnx-sdk_local8155/qnx/qnx-sdp/target/qnx7/aarch64le/lib/crt1.o;/home/dve/work/code/360/qnx-sdk_local8155/qnx/qnx-sdp/target/qnx7/aarch64le/lib/crti.o;/home/dve/work/code/360/qnx-sdk_local8155/qnx/qnx-sdp/host/linux/x86_64/usr/lib/gcc/aarch64-unknown-nto-qnx7.1.0/8.3.0/crtbegin.o;/home/dve/work/code/360/qnx-sdk_local8155/qnx/qnx-sdp/host/linux/x86_64/usr/lib/gcc/aarch64-unknown-nto-qnx7.1.0/8.3.0/crtend.o;/home/dve/work/code/360/qnx-sdk_local8155/qnx/qnx-sdp/target/qnx7/aarch64le/lib/crtn.o]
  implicit dirs: [/home/dve/work/code/360/qnx-sdk_local8155/qnx/qnx-sdp/target/qnx7/aarch64le/lib;/home/dve/work/code/360/qnx-sdk_local8155/qnx/qnx-sdp/target/qnx7/aarch64le/usr/lib;/home/dve/work/code/360/qnx-sdk_local8155/qnx/qnx-sdp/target/qnx7/aarch64le/opt/lib;/home/dve/work/code/360/qnx-sdk_local8155/qnx/qnx-sdp/host/linux/x86_64/usr/lib/gcc/aarch64-unknown-nto-qnx7.1.0/8.3.0;/home/dve/work/code/360/qnx-sdk_local8155/qnx/qnx-sdp/target/qnx7/aarch64le/lib/gcc/8.3.0;/home/dve/work/code/360/qnx-sdk_local8155/qnx/qnx-sdp/target/qnx7/usr/aarch64-unknown-nto-qnx7.1.0/lib]
  implicit fwks: []


Detecting CXX compiler ABI info compiled with the following output:
Change Dir: /home/dve/work/code/pc/qnx/build/CMakeFiles/CMakeTmp

Run Build Command(s):/usr/bin/gmake -f Makefile cmTC_9a091/fast && /usr/bin/gmake  -f CMakeFiles/cmTC_9a091.dir/build.make CMakeFiles/cmTC_9a091.dir/build
gmake[1]: Entering directory '/home/dve/work/code/pc/qnx/build/CMakeFiles/CMakeTmp'
Building CXX object CMakeFiles/cmTC_9a091.dir/CMakeCXXCompilerABI.cpp.o
/home/dve/work/code/360/qnx-sdk_local8155/qnx/qnx-sdp/host/linux/x86_64/usr/bin/q++ -Vgcc_ntoaarch64le -Wc,-isysroot,/home/dve/work/code/360/qnx-sdk_local8155/qnx/qnx-sdp/target/qnx7 -lang-c++   -v -Wp,-MD,CMakeFiles/cmTC_9a091.dir/CMakeCXXCompilerABI.cpp.o.d -Wp,-MT,CMakeFiles/cmTC_9a091.dir/CMakeCXXCompilerABI.cpp.o -Wp,-MF,CMakeFiles/cmTC_9a091.dir/CMakeCXXCompilerABI.cpp.o.d -o CMakeFiles/cmTC_9a091.dir/CMakeCXXCompilerABI.cpp.o -c /usr/share/cmake-3.22/Modules/CMakeCXXCompilerABI.cpp
cc: looking for gcc_ntoaarch64le in /home/dve/work/code/360/qnx-sdk_local8155/qnx/qnx-sdp/host/linux/x86_64/etc/qcc/gcc/8.3.0/gcc_ntoaarch64le++.conf
cc: looking for gcc_ntoaarch64le in /home/dve/work/code/360/qnx-sdk_local8155/qnx/qnx-sdp/host/linux/x86_64/etc/qcc/gcc/8.3.0/gcc_ntoaarch64le.conf
/home/dve/work/code/360/qnx-sdk_local8155/qnx/qnx-sdp/host/linux/x86_64/usr/lib/gcc/aarch64-unknown-nto-qnx7.1.0/8.3.0/cc1plus -quiet -fstack-protector-strong -march=armv8-a -nostdinc -nostdinc++ -std=gnu++11 -D__QNX__ -D__QNXNTO__ -D__GNUC__=8 -D__GNUC_MINOR__=3 -D__GNUC_PATCHLEVEL__=0 -D__NO_INLINE__ -D__DEPRECATED -D__unix__ -D__unix -D__ELF__ -fPIE -D__LITTLEENDIAN__ -Asystem(unix) -isysroot /home/dve/work/code/360/qnx-sdk_local8155/qnx/qnx-sdp/target/qnx7 -MD CMakeFiles/cmTC_9a091.dir/CMakeCXXCompilerABI.cpp.o.d -MT CMakeFiles/cmTC_9a091.dir/CMakeCXXCompilerABI.cpp.o -MF CMakeFiles/cmTC_9a091.dir/CMakeCXXCompilerABI.cpp.o.d -isystem /home/dve/work/code/360/qnx-sdk_local8155/qnx/qnx-sdp/target/qnx7/usr/include/c++/v1 -isystem /home/dve/work/code/360/qnx-sdk_local8155/qnx/qnx-sdp/target/qnx7/usr/include -isystem /home/dve/work/code/360/qnx-sdk_local8155/qnx/qnx-sdp/host/linux/x86_64/usr/lib/gcc/aarch64-unknown-nto-qnx7.1.0/8.3.0/include /usr/share/cmake-3.22/Modules/CMakeCXXCompilerABI.cpp -dumpbase /usr/share/cmake-3.22/Modules/CMakeCXXCompilerABI.cpp -o - | \
 /home/dve/work/code/360/qnx-sdk_local8155/qnx/qnx-sdp/host/linux/x86_64/usr/bin/aarch64-unknown-nto-qnx7.1.0-as -EL -o CMakeFiles/cmTC_9a091.dir/CMakeCXXCompilerABI.cpp.o
Linking CXX executable cmTC_9a091
/usr/bin/cmake -E cmake_link_script CMakeFiles/cmTC_9a091.dir/link.txt --verbose=1
/home/dve/work/code/360/qnx-sdk_local8155/qnx/qnx-sdp/host/linux/x86_64/usr/bin/q++ -Vgcc_ntoaarch64le -Wc,-isysroot,/home/dve/work/code/360/qnx-sdk_local8155/qnx/qnx-sdp/target/qnx7 -lang-c++  -v CMakeFiles/cmTC_9a091.dir/CMakeCXXCompilerABI.cpp.o -o cmTC_9a091 
cc: looking for gcc_ntoaarch64le in /home/dve/work/code/360/qnx-sdk_local8155/qnx/qnx-sdp/host/linux/x86_64/etc/qcc/gcc/8.3.0/gcc_ntoaarch64le++.conf
cc: looking for gcc_ntoaarch64le in /home/dve/work/code/360/qnx-sdk_local8155/qnx/qnx-sdp/host/linux/x86_64/etc/qcc/gcc/8.3.0/gcc_ntoaarch64le.conf
/home/dve/work/code/360/qnx-sdk_local8155/qnx/qnx-sdp/host/linux/x86_64/usr/bin/aarch64-unknown-nto-qnx7.1.0-ld -plugin=/home/dve/work/code/360/qnx-sdk_local8155/qnx/qnx-sdp/host/linux/x86_64/usr/lib/gcc/aarch64-unknown-nto-qnx7.1.0/8.3.0/liblto_plugin.so -plugin-opt=/home/dve/work/code/360/qnx-sdk_local8155/qnx/qnx-sdp/host/linux/x86_64/usr/lib/gcc/aarch64-unknown-nto-qnx7.1.0/8.3.0/lto-wrapper -plugin-opt=-fresolution=/tmp/fileFlfUIB_qcc_207423/tmp_qcc_207423.res --dynamic-linker /usr/lib/ldqnx-64.so.2 --sysroot=/home/dve/work/code/360/qnx-sdk_local8155/qnx/qnx-sdp/target/qnx7/aarch64le/ --hash-style=gnu --build-id=md5 --warn-shared-textrel -zrelro -znow -pie --eh-frame-hdr /home/dve/work/code/360/qnx-sdk_local8155/qnx/qnx-sdp/target/qnx7/aarch64le/lib/crt1.o /home/dve/work/code/360/qnx-sdk_local8155/qnx/qnx-sdp/target/qnx7/aarch64le/lib/crti.o /home/dve/work/code/360/qnx-sdk_local8155/qnx/qnx-sdp/host/linux/x86_64/usr/lib/gcc/aarch64-unknown-nto-qnx7.1.0/8.3.0//crtbegin.o CMakeFiles/cmTC_9a091.dir/CMakeCXXCompilerABI.cpp.o -o cmTC_9a091 -rpath-link /home/dve/work/code/360/qnx-sdk_local8155/qnx/qnx-sdp/target/qnx7/aarch64le/lib:/home/dve/work/code/360/qnx-sdk_local8155/qnx/qnx-sdp/target/qnx7/aarch64le/usr/lib:/home/dve/work/code/360/qnx-sdk_local8155/qnx/qnx-sdp/target/qnx7/aarch64le/lib/gcc/8.3.0:/home/dve/work/code/360/qnx-sdk_local8155/qnx/qnx-sdp/target/qnx7/aarch64le/opt/lib -Y/home/dve/work/code/360/qnx-sdk_local8155/qnx/qnx-sdp/target/qnx7/aarch64le/lib:/home/dve/work/code/360/qnx-sdk_local8155/qnx/qnx-sdp/target/qnx7/aarch64le/usr/lib:/home/dve/work/code/360/qnx-sdk_local8155/qnx/qnx-sdp/target/qnx7/aarch64le/opt/lib -L/home/dve/work/code/360/qnx-sdk_local8155/qnx/qnx-sdp/host/linux/x86_64/usr/lib/gcc/aarch64-unknown-nto-qnx7.1.0/8.3.0/ -L/home/dve/work/code/360/qnx-sdk_local8155/qnx/qnx-sdp/target/qnx7/aarch64le/lib/gcc/8.3.0 -L/home/dve/work/code/360/qnx-sdk_local8155/qnx/qnx-sdp/target/qnx7/usr/aarch64-unknown-nto-qnx7.1.0/lib/ -L/home/dve/work/code/360/qnx-sdk_local8155/qnx/qnx-sdp/target/qnx7/aarch64le/lib/ -L/home/dve/work/code/360/qnx-sdk_local8155/qnx/qnx-sdp/target/qnx7/aarch64le/lib -L/home/dve/work/code/360/qnx-sdk_local8155/qnx/qnx-sdp/target/qnx7/aarch64le/usr/lib -L/home/dve/work/code/360/qnx-sdk_local8155/qnx/qnx-sdp/target/qnx7/aarch64le/opt/lib -lc++ -lm -lc -lcS -lgcc_s -lgcc_eh /home/dve/work/code/360/qnx-sdk_local8155/qnx/qnx-sdp/host/linux/x86_64/usr/lib/gcc/aarch64-unknown-nto-qnx7.1.0/8.3.0//crtend.o /home/dve/work/code/360/qnx-sdk_local8155/qnx/qnx-sdp/target/qnx7/aarch64le/lib/crtn.o
cc: unlinking /tmp/fileFlfUIB_qcc_207423/tmp_qcc_207423.res
cc: removing  /tmp/fileFlfUIB_qcc_207423
gmake[1]: Leaving directory '/home/dve/work/code/pc/qnx/build/CMakeFiles/CMakeTmp'



Parsed CXX implicit include dir info from above output: rv=start
  warn: unable to parse implicit include dirs!


Parsed CXX implicit link information from above output:
  link line regex: [^( *|.*[/\])(ntoaarch64-ld|CMAKE_LINK_STARTFILE-NOTFOUND|([^/\]+-)?ld|collect2)[^/\]*( |$)]
  ignore line: [Change Dir: /home/dve/work/code/pc/qnx/build/CMakeFiles/CMakeTmp]
  ignore line: []
  ignore line: [Run Build Command(s):/usr/bin/gmake -f Makefile cmTC_9a091/fast && /usr/bin/gmake  -f CMakeFiles/cmTC_9a091.dir/build.make CMakeFiles/cmTC_9a091.dir/build]
  ignore line: [gmake[1]: Entering directory '/home/dve/work/code/pc/qnx/build/CMakeFiles/CMakeTmp']
  ignore line: [Building CXX object CMakeFiles/cmTC_9a091.dir/CMakeCXXCompilerABI.cpp.o]
  ignore line: [/home/dve/work/code/360/qnx-sdk_local8155/qnx/qnx-sdp/host/linux/x86_64/usr/bin/q++ -Vgcc_ntoaarch64le -Wc -isysroot /home/dve/work/code/360/qnx-sdk_local8155/qnx/qnx-sdp/target/qnx7 -lang-c++   -v -Wp -MD CMakeFiles/cmTC_9a091.dir/CMakeCXXCompilerABI.cpp.o.d -Wp -MT CMakeFiles/cmTC_9a091.dir/CMakeCXXCompilerABI.cpp.o -Wp -MF CMakeFiles/cmTC_9a091.dir/CMakeCXXCompilerABI.cpp.o.d -o CMakeFiles/cmTC_9a091.dir/CMakeCXXCompilerABI.cpp.o -c /usr/share/cmake-3.22/Modules/CMakeCXXCompilerABI.cpp]
  ignore line: [cc: looking for gcc_ntoaarch64le in /home/dve/work/code/360/qnx-sdk_local8155/qnx/qnx-sdp/host/linux/x86_64/etc/qcc/gcc/8.3.0/gcc_ntoaarch64le++.conf]
  ignore line: [cc: looking for gcc_ntoaarch64le in /home/dve/work/code/360/qnx-sdk_local8155/qnx/qnx-sdp/host/linux/x86_64/etc/qcc/gcc/8.3.0/gcc_ntoaarch64le.conf]
  ignore line: [/home/dve/work/code/360/qnx-sdk_local8155/qnx/qnx-sdp/host/linux/x86_64/usr/lib/gcc/aarch64-unknown-nto-qnx7.1.0/8.3.0/cc1plus -quiet -fstack-protector-strong -march=armv8-a -nostdinc -nostdinc++ -std=gnu++11 -D__QNX__ -D__QNXNTO__ -D__GNUC__=8 -D__GNUC_MINOR__=3 -D__GNUC_PATCHLEVEL__=0 -D__NO_INLINE__ -D__DEPRECATED -D__unix__ -D__unix -D__ELF__ -fPIE -D__LITTLEENDIAN__ -Asystem(unix) -isysroot /home/dve/work/code/360/qnx-sdk_local8155/qnx/qnx-sdp/target/qnx7 -MD CMakeFiles/cmTC_9a091.dir/CMakeCXXCompilerABI.cpp.o.d -MT CMakeFiles/cmTC_9a091.dir/CMakeCXXCompilerABI.cpp.o -MF CMakeFiles/cmTC_9a091.dir/CMakeCXXCompilerABI.cpp.o.d -isystem /home/dve/work/code/360/qnx-sdk_local8155/qnx/qnx-sdp/target/qnx7/usr/include/c++/v1 -isystem /home/dve/work/code/360/qnx-sdk_local8155/qnx/qnx-sdp/target/qnx7/usr/include -isystem /home/dve/work/code/360/qnx-sdk_local8155/qnx/qnx-sdp/host/linux/x86_64/usr/lib/gcc/aarch64-unknown-nto-qnx7.1.0/8.3.0/include /usr/share/cmake-3.22/Modules/CMakeCXXCompilerABI.cpp -dumpbase /usr/share/cmake-3.22/Modules/CMakeCXXCompilerABI.cpp -o - | ; /home/dve/work/code/360/qnx-sdk_local8155/qnx/qnx-sdp/host/linux/x86_64/usr/bin/aarch64-unknown-nto-qnx7.1.0-as -EL -o CMakeFiles/cmTC_9a091.dir/CMakeCXXCompilerABI.cpp.o]
  ignore line: [Linking CXX executable cmTC_9a091]
  ignore line: [/usr/bin/cmake -E cmake_link_script CMakeFiles/cmTC_9a091.dir/link.txt --verbose=1]
  ignore line: [/home/dve/work/code/360/qnx-sdk_local8155/qnx/qnx-sdp/host/linux/x86_64/usr/bin/q++ -Vgcc_ntoaarch64le -Wc -isysroot /home/dve/work/code/360/qnx-sdk_local8155/qnx/qnx-sdp/target/qnx7 -lang-c++  -v CMakeFiles/cmTC_9a091.dir/CMakeCXXCompilerABI.cpp.o -o cmTC_9a091 ]
  ignore line: [cc: looking for gcc_ntoaarch64le in /home/dve/work/code/360/qnx-sdk_local8155/qnx/qnx-sdp/host/linux/x86_64/etc/qcc/gcc/8.3.0/gcc_ntoaarch64le++.conf]
  ignore line: [cc: looking for gcc_ntoaarch64le in /home/dve/work/code/360/qnx-sdk_local8155/qnx/qnx-sdp/host/linux/x86_64/etc/qcc/gcc/8.3.0/gcc_ntoaarch64le.conf]
  link line: [/home/dve/work/code/360/qnx-sdk_local8155/qnx/qnx-sdp/host/linux/x86_64/usr/bin/aarch64-unknown-nto-qnx7.1.0-ld -plugin=/home/dve/work/code/360/qnx-sdk_local8155/qnx/qnx-sdp/host/linux/x86_64/usr/lib/gcc/aarch64-unknown-nto-qnx7.1.0/8.3.0/liblto_plugin.so -plugin-opt=/home/dve/work/code/360/qnx-sdk_local8155/qnx/qnx-sdp/host/linux/x86_64/usr/lib/gcc/aarch64-unknown-nto-qnx7.1.0/8.3.0/lto-wrapper -plugin-opt=-fresolution=/tmp/fileFlfUIB_qcc_207423/tmp_qcc_207423.res --dynamic-linker /usr/lib/ldqnx-64.so.2 --sysroot=/home/dve/work/code/360/qnx-sdk_local8155/qnx/qnx-sdp/target/qnx7/aarch64le/ --hash-style=gnu --build-id=md5 --warn-shared-textrel -zrelro -znow -pie --eh-frame-hdr /home/dve/work/code/360/qnx-sdk_local8155/qnx/qnx-sdp/target/qnx7/aarch64le/lib/crt1.o /home/dve/work/code/360/qnx-sdk_local8155/qnx/qnx-sdp/target/qnx7/aarch64le/lib/crti.o /home/dve/work/code/360/qnx-sdk_local8155/qnx/qnx-sdp/host/linux/x86_64/usr/lib/gcc/aarch64-unknown-nto-qnx7.1.0/8.3.0//crtbegin.o CMakeFiles/cmTC_9a091.dir/CMakeCXXCompilerABI.cpp.o -o cmTC_9a091 -rpath-link /home/dve/work/code/360/qnx-sdk_local8155/qnx/qnx-sdp/target/qnx7/aarch64le/lib:/home/dve/work/code/360/qnx-sdk_local8155/qnx/qnx-sdp/target/qnx7/aarch64le/usr/lib:/home/dve/work/code/360/qnx-sdk_local8155/qnx/qnx-sdp/target/qnx7/aarch64le/lib/gcc/8.3.0:/home/dve/work/code/360/qnx-sdk_local8155/qnx/qnx-sdp/target/qnx7/aarch64le/opt/lib -Y/home/dve/work/code/360/qnx-sdk_local8155/qnx/qnx-sdp/target/qnx7/aarch64le/lib:/home/dve/work/code/360/qnx-sdk_local8155/qnx/qnx-sdp/target/qnx7/aarch64le/usr/lib:/home/dve/work/code/360/qnx-sdk_local8155/qnx/qnx-sdp/target/qnx7/aarch64le/opt/lib -L/home/dve/work/code/360/qnx-sdk_local8155/qnx/qnx-sdp/host/linux/x86_64/usr/lib/gcc/aarch64-unknown-nto-qnx7.1.0/8.3.0/ -L/home/dve/work/code/360/qnx-sdk_local8155/qnx/qnx-sdp/target/qnx7/aarch64le/lib/gcc/8.3.0 -L/home/dve/work/code/360/qnx-sdk_local8155/qnx/qnx-sdp/target/qnx7/usr/aarch64-unknown-nto-qnx7.1.0/lib/ -L/home/dve/work/code/360/qnx-sdk_local8155/qnx/qnx-sdp/target/qnx7/aarch64le/lib/ -L/home/dve/work/code/360/qnx-sdk_local8155/qnx/qnx-sdp/target/qnx7/aarch64le/lib -L/home/dve/work/code/360/qnx-sdk_local8155/qnx/qnx-sdp/target/qnx7/aarch64le/usr/lib -L/home/dve/work/code/360/qnx-sdk_local8155/qnx/qnx-sdp/target/qnx7/aarch64le/opt/lib -lc++ -lm -lc -lcS -lgcc_s -lgcc_eh /home/dve/work/code/360/qnx-sdk_local8155/qnx/qnx-sdp/host/linux/x86_64/usr/lib/gcc/aarch64-unknown-nto-qnx7.1.0/8.3.0//crtend.o /home/dve/work/code/360/qnx-sdk_local8155/qnx/qnx-sdp/target/qnx7/aarch64le/lib/crtn.o]
    arg [/home/dve/work/code/360/qnx-sdk_local8155/qnx/qnx-sdp/host/linux/x86_64/usr/bin/aarch64-unknown-nto-qnx7.1.0-ld] ==> ignore
    arg [-plugin=/home/dve/work/code/360/qnx-sdk_local8155/qnx/qnx-sdp/host/linux/x86_64/usr/lib/gcc/aarch64-unknown-nto-qnx7.1.0/8.3.0/liblto_plugin.so] ==> ignore
    arg [-plugin-opt=/home/dve/work/code/360/qnx-sdk_local8155/qnx/qnx-sdp/host/linux/x86_64/usr/lib/gcc/aarch64-unknown-nto-qnx7.1.0/8.3.0/lto-wrapper] ==> ignore
    arg [-plugin-opt=-fresolution=/tmp/fileFlfUIB_qcc_207423/tmp_qcc_207423.res] ==> ignore
    arg [--dynamic-linker] ==> ignore
    arg [/usr/lib/ldqnx-64.so.2] ==> ignore
    arg [--sysroot=/home/dve/work/code/360/qnx-sdk_local8155/qnx/qnx-sdp/target/qnx7/aarch64le/] ==> ignore
    arg [--hash-style=gnu] ==> ignore
    arg [--build-id=md5] ==> ignore
    arg [--warn-shared-textrel] ==> ignore
    arg [-zrelro] ==> ignore
    arg [-znow] ==> ignore
    arg [-pie] ==> ignore
    arg [--eh-frame-hdr] ==> ignore
    arg [/home/dve/work/code/360/qnx-sdk_local8155/qnx/qnx-sdp/target/qnx7/aarch64le/lib/crt1.o] ==> obj [/home/dve/work/code/360/qnx-sdk_local8155/qnx/qnx-sdp/target/qnx7/aarch64le/lib/crt1.o]
    arg [/home/dve/work/code/360/qnx-sdk_local8155/qnx/qnx-sdp/target/qnx7/aarch64le/lib/crti.o] ==> obj [/home/dve/work/code/360/qnx-sdk_local8155/qnx/qnx-sdp/target/qnx7/aarch64le/lib/crti.o]
    arg [/home/dve/work/code/360/qnx-sdk_local8155/qnx/qnx-sdp/host/linux/x86_64/usr/lib/gcc/aarch64-unknown-nto-qnx7.1.0/8.3.0//crtbegin.o] ==> obj [/home/dve/work/code/360/qnx-sdk_local8155/qnx/qnx-sdp/host/linux/x86_64/usr/lib/gcc/aarch64-unknown-nto-qnx7.1.0/8.3.0//crtbegin.o]
    arg [CMakeFiles/cmTC_9a091.dir/CMakeCXXCompilerABI.cpp.o] ==> ignore
    arg [-o] ==> ignore
    arg [cmTC_9a091] ==> ignore
    arg [-rpath-link] ==> ignore
    arg [/home/dve/work/code/360/qnx-sdk_local8155/qnx/qnx-sdp/target/qnx7/aarch64le/lib:/home/dve/work/code/360/qnx-sdk_local8155/qnx/qnx-sdp/target/qnx7/aarch64le/usr/lib:/home/dve/work/code/360/qnx-sdk_local8155/qnx/qnx-sdp/target/qnx7/aarch64le/lib/gcc/8.3.0:/home/dve/work/code/360/qnx-sdk_local8155/qnx/qnx-sdp/target/qnx7/aarch64le/opt/lib] ==> ignore
    arg [-Y/home/dve/work/code/360/qnx-sdk_local8155/qnx/qnx-sdp/target/qnx7/aarch64le/lib:/home/dve/work/code/360/qnx-sdk_local8155/qnx/qnx-sdp/target/qnx7/aarch64le/usr/lib:/home/dve/work/code/360/qnx-sdk_local8155/qnx/qnx-sdp/target/qnx7/aarch64le/opt/lib] ==> dirs [/home/dve/work/code/360/qnx-sdk_local8155/qnx/qnx-sdp/target/qnx7/aarch64le/lib;/home/dve/work/code/360/qnx-sdk_local8155/qnx/qnx-sdp/target/qnx7/aarch64le/usr/lib;/home/dve/work/code/360/qnx-sdk_local8155/qnx/qnx-sdp/target/qnx7/aarch64le/opt/lib]
    arg [-L/home/dve/work/code/360/qnx-sdk_local8155/qnx/qnx-sdp/host/linux/x86_64/usr/lib/gcc/aarch64-unknown-nto-qnx7.1.0/8.3.0/] ==> dir [/home/dve/work/code/360/qnx-sdk_local8155/qnx/qnx-sdp/host/linux/x86_64/usr/lib/gcc/aarch64-unknown-nto-qnx7.1.0/8.3.0/]
    arg [-L/home/dve/work/code/360/qnx-sdk_local8155/qnx/qnx-sdp/target/qnx7/aarch64le/lib/gcc/8.3.0] ==> dir [/home/dve/work/code/360/qnx-sdk_local8155/qnx/qnx-sdp/target/qnx7/aarch64le/lib/gcc/8.3.0]
    arg [-L/home/dve/work/code/360/qnx-sdk_local8155/qnx/qnx-sdp/target/qnx7/usr/aarch64-unknown-nto-qnx7.1.0/lib/] ==> dir [/home/dve/work/code/360/qnx-sdk_local8155/qnx/qnx-sdp/target/qnx7/usr/aarch64-unknown-nto-qnx7.1.0/lib/]
    arg [-L/home/dve/work/code/360/qnx-sdk_local8155/qnx/qnx-sdp/target/qnx7/aarch64le/lib/] ==> dir [/home/dve/work/code/360/qnx-sdk_local8155/qnx/qnx-sdp/target/qnx7/aarch64le/lib/]
    arg [-L/home/dve/work/code/360/qnx-sdk_local8155/qnx/qnx-sdp/target/qnx7/aarch64le/lib] ==> dir [/home/dve/work/code/360/qnx-sdk_local8155/qnx/qnx-sdp/target/qnx7/aarch64le/lib]
    arg [-L/home/dve/work/code/360/qnx-sdk_local8155/qnx/qnx-sdp/target/qnx7/aarch64le/usr/lib] ==> dir [/home/dve/work/code/360/qnx-sdk_local8155/qnx/qnx-sdp/target/qnx7/aarch64le/usr/lib]
    arg [-L/home/dve/work/code/360/qnx-sdk_local8155/qnx/qnx-sdp/target/qnx7/aarch64le/opt/lib] ==> dir [/home/dve/work/code/360/qnx-sdk_local8155/qnx/qnx-sdp/target/qnx7/aarch64le/opt/lib]
    arg [-lc++] ==> lib [c++]
    arg [-lm] ==> lib [m]
    arg [-lc] ==> lib [c]
    arg [-lcS] ==> lib [cS]
    arg [-lgcc_s] ==> lib [gcc_s]
    arg [-lgcc_eh] ==> lib [gcc_eh]
    arg [/home/dve/work/code/360/qnx-sdk_local8155/qnx/qnx-sdp/host/linux/x86_64/usr/lib/gcc/aarch64-unknown-nto-qnx7.1.0/8.3.0//crtend.o] ==> obj [/home/dve/work/code/360/qnx-sdk_local8155/qnx/qnx-sdp/host/linux/x86_64/usr/lib/gcc/aarch64-unknown-nto-qnx7.1.0/8.3.0//crtend.o]
    arg [/home/dve/work/code/360/qnx-sdk_local8155/qnx/qnx-sdp/target/qnx7/aarch64le/lib/crtn.o] ==> obj [/home/dve/work/code/360/qnx-sdk_local8155/qnx/qnx-sdp/target/qnx7/aarch64le/lib/crtn.o]
  remove lib [gcc_eh]
  collapse obj [/home/dve/work/code/360/qnx-sdk_local8155/qnx/qnx-sdp/host/linux/x86_64/usr/lib/gcc/aarch64-unknown-nto-qnx7.1.0/8.3.0//crtbegin.o] ==> [/home/dve/work/code/360/qnx-sdk_local8155/qnx/qnx-sdp/host/linux/x86_64/usr/lib/gcc/aarch64-unknown-nto-qnx7.1.0/8.3.0/crtbegin.o]
  collapse obj [/home/dve/work/code/360/qnx-sdk_local8155/qnx/qnx-sdp/host/linux/x86_64/usr/lib/gcc/aarch64-unknown-nto-qnx7.1.0/8.3.0//crtend.o] ==> [/home/dve/work/code/360/qnx-sdk_local8155/qnx/qnx-sdp/host/linux/x86_64/usr/lib/gcc/aarch64-unknown-nto-qnx7.1.0/8.3.0/crtend.o]
  collapse library dir [/home/dve/work/code/360/qnx-sdk_local8155/qnx/qnx-sdp/target/qnx7/aarch64le/lib] ==> [/home/dve/work/code/360/qnx-sdk_local8155/qnx/qnx-sdp/target/qnx7/aarch64le/lib]
  collapse library dir [/home/dve/work/code/360/qnx-sdk_local8155/qnx/qnx-sdp/target/qnx7/aarch64le/usr/lib] ==> [/home/dve/work/code/360/qnx-sdk_local8155/qnx/qnx-sdp/target/qnx7/aarch64le/usr/lib]
  collapse library dir [/home/dve/work/code/360/qnx-sdk_local8155/qnx/qnx-sdp/target/qnx7/aarch64le/opt/lib] ==> [/home/dve/work/code/360/qnx-sdk_local8155/qnx/qnx-sdp/target/qnx7/aarch64le/opt/lib]
  collapse library dir [/home/dve/work/code/360/qnx-sdk_local8155/qnx/qnx-sdp/host/linux/x86_64/usr/lib/gcc/aarch64-unknown-nto-qnx7.1.0/8.3.0/] ==> [/home/dve/work/code/360/qnx-sdk_local8155/qnx/qnx-sdp/host/linux/x86_64/usr/lib/gcc/aarch64-unknown-nto-qnx7.1.0/8.3.0]
  collapse library dir [/home/dve/work/code/360/qnx-sdk_local8155/qnx/qnx-sdp/target/qnx7/aarch64le/lib/gcc/8.3.0] ==> [/home/dve/work/code/360/qnx-sdk_local8155/qnx/qnx-sdp/target/qnx7/aarch64le/lib/gcc/8.3.0]
  collapse library dir [/home/dve/work/code/360/qnx-sdk_local8155/qnx/qnx-sdp/target/qnx7/usr/aarch64-unknown-nto-qnx7.1.0/lib/] ==> [/home/dve/work/code/360/qnx-sdk_local8155/qnx/qnx-sdp/target/qnx7/usr/aarch64-unknown-nto-qnx7.1.0/lib]
  collapse library dir [/home/dve/work/code/360/qnx-sdk_local8155/qnx/qnx-sdp/target/qnx7/aarch64le/lib/] ==> [/home/dve/work/code/360/qnx-sdk_local8155/qnx/qnx-sdp/target/qnx7/aarch64le/lib]
  collapse library dir [/home/dve/work/code/360/qnx-sdk_local8155/qnx/qnx-sdp/target/qnx7/aarch64le/lib] ==> [/home/dve/work/code/360/qnx-sdk_local8155/qnx/qnx-sdp/target/qnx7/aarch64le/lib]
  collapse library dir [/home/dve/work/code/360/qnx-sdk_local8155/qnx/qnx-sdp/target/qnx7/aarch64le/usr/lib] ==> [/home/dve/work/code/360/qnx-sdk_local8155/qnx/qnx-sdp/target/qnx7/aarch64le/usr/lib]
  collapse library dir [/home/dve/work/code/360/qnx-sdk_local8155/qnx/qnx-sdp/target/qnx7/aarch64le/opt/lib] ==> [/home/dve/work/code/360/qnx-sdk_local8155/qnx/qnx-sdp/target/qnx7/aarch64le/opt/lib]
  implicit libs: [c++;m;c;cS;gcc_s]
  implicit objs: [/home/dve/work/code/360/qnx-sdk_local8155/qnx/qnx-sdp/target/qnx7/aarch64le/lib/crt1.o;/home/dve/work/code/360/qnx-sdk_local8155/qnx/qnx-sdp/target/qnx7/aarch64le/lib/crti.o;/home/dve/work/code/360/qnx-sdk_local8155/qnx/qnx-sdp/host/linux/x86_64/usr/lib/gcc/aarch64-unknown-nto-qnx7.1.0/8.3.0/crtbegin.o;/home/dve/work/code/360/qnx-sdk_local8155/qnx/qnx-sdp/host/linux/x86_64/usr/lib/gcc/aarch64-unknown-nto-qnx7.1.0/8.3.0/crtend.o;/home/dve/work/code/360/qnx-sdk_local8155/qnx/qnx-sdp/target/qnx7/aarch64le/lib/crtn.o]
  implicit dirs: [/home/dve/work/code/360/qnx-sdk_local8155/qnx/qnx-sdp/target/qnx7/aarch64le/lib;/home/dve/work/code/360/qnx-sdk_local8155/qnx/qnx-sdp/target/qnx7/aarch64le/usr/lib;/home/dve/work/code/360/qnx-sdk_local8155/qnx/qnx-sdp/target/qnx7/aarch64le/opt/lib;/home/dve/work/code/360/qnx-sdk_local8155/qnx/qnx-sdp/host/linux/x86_64/usr/lib/gcc/aarch64-unknown-nto-qnx7.1.0/8.3.0;/home/dve/work/code/360/qnx-sdk_local8155/qnx/qnx-sdp/target/qnx7/aarch64le/lib/gcc/8.3.0;/home/dve/work/code/360/qnx-sdk_local8155/qnx/qnx-sdp/target/qnx7/usr/aarch64-unknown-nto-qnx7.1.0/lib]
  implicit fwks: []


